{
  "RSpec": {
    "coverage": {
      "/Users/garimadadheech/Desktop/student_management/app/controllers/classrooms_controller.rb": [
        1,
        null,
        1,
        2,
        2,
        null,
        null,
        1,
        1,
        5,
        1,
        null,
        null,
        1,
        2,
        2,
        1,
        1,
        1,
        null,
        null,
        null,
        1,
        null,
        null,
        1,
        2,
        2,
        1,
        null,
        1,
        null,
        null,
        null,
        1,
        2,
        2,
        2,
        null,
        1,
        null,
        1,
        1,
        null,
        null,
        null,
        1,
        2,
        2,
        1,
        1,
        1,
        1,
        null,
        1,
        1,
        null,
        1,
        1,
        null,
        1,
        1,
        null,
        null,
        null,
        1,
        1,
        3,
        1,
        null,
        1,
        null,
        1,
        4,
        null,
        null
      ],
      "/Users/garimadadheech/Desktop/student_management/app/controllers/application_controller.rb": [
        1,
        null,
        null,
        1,
        null
      ],
      "/Users/garimadadheech/Desktop/student_management/app/controllers/homes_controller.rb": [
        1,
        1,
        1,
        null,
        null
      ],
      "/Users/garimadadheech/Desktop/student_management/app/controllers/schools_controller.rb": [
        1,
        null,
        1,
        3,
        3,
        null,
        null,
        1,
        4,
        1,
        null,
        null,
        1,
        2,
        2,
        1,
        1,
        1,
        null,
        null,
        null,
        1,
        2,
        2,
        2,
        1,
        null,
        1,
        null,
        null,
        null,
        1,
        2,
        2,
        2,
        1,
        null,
        1,
        1,
        null,
        null,
        null,
        1,
        2,
        2,
        1,
        1,
        1,
        1,
        2,
        null,
        1,
        2,
        null,
        1,
        1,
        null,
        1,
        1,
        null,
        null,
        null,
        1,
        1,
        4,
        null,
        null
      ],
      "/Users/garimadadheech/Desktop/student_management/app/controllers/students_controller.rb": [
        1,
        1,
        2,
        null,
        null,
        1,
        2,
        2,
        1,
        1,
        1,
        null,
        null,
        null,
        1,
        2,
        2,
        1,
        null,
        1,
        1,
        null,
        null,
        null,
        1,
        3,
        3,
        2,
        2,
        2,
        null,
        1,
        1,
        null,
        null,
        null,
        null,
        null,
        1,
        2,
        2,
        1,
        1,
        null,
        1,
        1,
        1,
        null,
        null,
        null,
        1,
        1,
        4,
        1,
        null,
        1,
        null,
        null,
        null,
        1,
        2,
        null,
        null
      ],
      "/Users/garimadadheech/Desktop/student_management/app/controllers/subjects_controller.rb": [
        1,
        null,
        1,
        2,
        2,
        null,
        null,
        1,
        2,
        2,
        1,
        1,
        1,
        null,
        null,
        null,
        1,
        2,
        2,
        2,
        1,
        null,
        1,
        null,
        null,
        null,
        1,
        2,
        2,
        2,
        1,
        null,
        1,
        1,
        null,
        null,
        null,
        1,
        2,
        2,
        1,
        1,
        null,
        1,
        1,
        null,
        null,
        1,
        1,
        1,
        1,
        null,
        null,
        null,
        1,
        4,
        null,
        null
      ],
      "/Users/garimadadheech/Desktop/student_management/app/controllers/teachers_controller.rb": [
        1,
        1,
        2,
        null,
        null,
        1,
        1,
        4,
        1,
        null,
        null,
        1,
        2,
        2,
        1,
        1,
        1,
        null,
        null,
        null,
        1,
        2,
        2,
        2,
        2,
        2,
        2,
        2,
        1,
        null,
        1,
        1,
        null,
        null,
        null,
        1,
        2,
        2,
        1,
        1,
        1,
        null,
        1,
        1,
        null,
        null,
        null,
        1,
        2,
        2,
        1,
        1,
        1,
        null,
        1,
        1,
        1,
        null,
        null,
        null,
        null,
        null,
        1,
        null,
        null,
        null,
        null,
        null,
        null
      ],
      "/Users/garimadadheech/Desktop/student_management/app/models/classroom.rb": [
        1,
        1,
        1,
        1,
        1,
        null,
        1,
        1,
        null
      ],
      "/Users/garimadadheech/Desktop/student_management/app/models/school.rb": [
        1,
        1,
        1,
        1,
        null,
        1,
        1,
        1,
        null
      ],
      "/Users/garimadadheech/Desktop/student_management/app/models/student.rb": [
        1,
        1,
        1,
        1,
        null,
        1,
        1,
        1,
        1,
        2,
        null,
        null
      ],
      "/Users/garimadadheech/Desktop/student_management/app/models/subject.rb": [
        1,
        1,
        1,
        null,
        1,
        null
      ],
      "/Users/garimadadheech/Desktop/student_management/app/models/teacher.rb": [
        1,
        1,
        1,
        1,
        1,
        null,
        1,
        1,
        1,
        1,
        null,
        1,
        84,
        84,
        63,
        1,
        1,
        null,
        null,
        null,
        null,
        1,
        3,
        null,
        null,
        1,
        2,
        null,
        null
      ],
      "/Users/garimadadheech/Desktop/student_management/app/helpers/application_helper.rb": [
        0,
        0
      ],
      "/Users/garimadadheech/Desktop/student_management/app/helpers/classrooms_helper.rb": [
        0,
        0
      ],
      "/Users/garimadadheech/Desktop/student_management/app/helpers/schools_helper.rb": [
        0,
        0
      ],
      "/Users/garimadadheech/Desktop/student_management/app/helpers/students_helper.rb": [
        0,
        0
      ],
      "/Users/garimadadheech/Desktop/student_management/app/helpers/subjects_helper.rb": [
        0,
        0
      ],
      "/Users/garimadadheech/Desktop/student_management/app/helpers/teachers_helper.rb": [
        0,
        0
      ]
    },
    "timestamp": 1475131030
  }
}
